[0m03:14:54.753080 [debug] [MainThread]: Sending event: {'category': 'dbt', 'action': 'invocation', 'label': 'start', 'context': [<snowplow_tracker.self_describing_json.SelfDescribingJson object at 0x000002160B30D2B0>, <snowplow_tracker.self_describing_json.SelfDescribingJson object at 0x000002160BDC91D0>, <snowplow_tracker.self_describing_json.SelfDescribingJson object at 0x000002160D44BED0>]}


============================== 03:14:54.769183 | e3ea4220-f72d-44c2-9db8-d0ec17022889 ==============================
[0m03:14:54.769183 [info ] [MainThread]: Running with dbt=1.10.15
[0m03:14:54.769628 [debug] [MainThread]: running dbt with arguments {'use_colors': 'True', 'log_format': 'default', 'printer_width': '80', 'profiles_dir': 'C:\\Users\\dines\\.dbt', 'target_path': 'None', 'warn_error': 'None', 'indirect_selection': 'eager', 'partial_parse': 'True', 'static_parser': 'True', 'send_anonymous_usage_stats': 'True', 'fail_fast': 'False', 'warn_error_options': 'WarnErrorOptionsV2(error=[], warn=[], silence=[])', 'log_path': 'logs', 'version_check': 'True', 'use_experimental_parser': 'False', 'introspect': 'True', 'quiet': 'False', 'empty': 'None', 'log_cache_events': 'False', 'debug': 'False', 'no_print': 'None', 'invocation_command': 'dbt init', 'cache_selected_only': 'False', 'write_json': 'True'}
[0m03:14:54.788346 [info ] [MainThread]: Creating dbt configuration folder at C:\Users\dines\.dbt
[0m03:15:03.115009 [debug] [MainThread]: Starter project path: D:\codes\Data Engineer\Data Visualizations\F1\dbt-venv\Lib\site-packages\dbt\include\starter_project
[0m03:15:03.148167 [info ] [MainThread]: 
Your new dbt project "f1" was created!

For more information on how to configure the profiles.yml file,
please consult the dbt documentation here:

  https://docs.getdbt.com/docs/configure-your-profile

One more thing:

Need help? Don't hesitate to reach out to us via GitHub issues or on Slack:

  https://community.getdbt.com/

Happy modeling!

[0m03:15:03.148794 [info ] [MainThread]: Setting up your profile.
[0m03:15:44.142568 [info ] [MainThread]: Profile f1 written to C:\Users\dines\.dbt\profiles.yml using target's profile_template.yml and your supplied values. Run 'dbt debug' to validate the connection.
[0m03:15:44.143915 [debug] [MainThread]: Command `dbt init` succeeded at 03:15:44.143770 after 49.48 seconds
[0m03:15:44.144258 [debug] [MainThread]: Sending event: {'category': 'dbt', 'action': 'invocation', 'label': 'end', 'context': [<snowplow_tracker.self_describing_json.SelfDescribingJson object at 0x000002160D630FC0>, <snowplow_tracker.self_describing_json.SelfDescribingJson object at 0x000002160D4FF9B0>, <snowplow_tracker.self_describing_json.SelfDescribingJson object at 0x000002160C31B9B0>]}
[0m03:15:44.144534 [debug] [MainThread]: Flushing usage events
[0m03:15:44.521537 [debug] [MainThread]: An error was encountered while trying to flush usage events
[0m03:16:11.891499 [debug] [MainThread]: Sending event: {'category': 'dbt', 'action': 'invocation', 'label': 'start', 'context': [<snowplow_tracker.self_describing_json.SelfDescribingJson object at 0x00000284D359D2B0>, <snowplow_tracker.self_describing_json.SelfDescribingJson object at 0x00000284D40591D0>, <snowplow_tracker.self_describing_json.SelfDescribingJson object at 0x00000284D4707ED0>]}


============================== 03:16:11.897428 | 4bd325b1-e56a-41fd-b78f-c69ebb779fb4 ==============================
[0m03:16:11.897428 [info ] [MainThread]: Running with dbt=1.10.15
[0m03:16:11.898014 [debug] [MainThread]: running dbt with arguments {'cache_selected_only': 'False', 'no_print': 'None', 'profiles_dir': 'C:\\Users\\dines\\.dbt', 'use_colors': 'True', 'target_path': 'None', 'warn_error': 'None', 'static_parser': 'True', 'partial_parse': 'True', 'indirect_selection': 'eager', 'send_anonymous_usage_stats': 'True', 'log_path': 'logs', 'warn_error_options': 'WarnErrorOptionsV2(error=[], warn=[], silence=[])', 'fail_fast': 'False', 'version_check': 'True', 'use_experimental_parser': 'False', 'introspect': 'True', 'quiet': 'False', 'empty': 'None', 'log_cache_events': 'False', 'debug': 'False', 'log_format': 'default', 'invocation_command': 'dbt debug', 'printer_width': '80', 'write_json': 'True'}
[0m03:16:11.914990 [info ] [MainThread]: dbt version: 1.10.15
[0m03:16:11.915471 [info ] [MainThread]: python version: 3.13.3
[0m03:16:11.915875 [info ] [MainThread]: python path: D:\codes\Data Engineer\Data Visualizations\F1\dbt-venv\Scripts\python.exe
[0m03:16:11.916238 [info ] [MainThread]: os info: Windows-11-10.0.22631-SP0
[0m03:16:11.958457 [info ] [MainThread]: Using profiles dir at C:\Users\dines\.dbt
[0m03:16:11.958912 [info ] [MainThread]: Using profiles.yml file at C:\Users\dines\.dbt\profiles.yml
[0m03:16:11.959246 [info ] [MainThread]: Using dbt_project.yml file at D:\codes\Data Engineer\Data Visualizations\F1\dbt_project.yml
[0m03:16:11.960491 [info ] [MainThread]: adapter type: postgres
[0m03:16:11.960790 [info ] [MainThread]: adapter version: 1.9.1
[0m03:16:11.961259 [info ] [MainThread]: Configuration:
[0m03:16:11.961563 [info ] [MainThread]:   profiles.yml file [[32mOK found and valid[0m]
[0m03:16:11.961881 [info ] [MainThread]:   dbt_project.yml file [[31mERROR not found[0m]
[0m03:16:11.962242 [info ] [MainThread]: Required dependencies:
[0m03:16:11.962624 [debug] [MainThread]: Executing "git --help"
[0m03:16:11.985299 [debug] [MainThread]: STDOUT: "b"usage: git [-v | --version] [-h | --help] [-C <path>] [-c <name>=<value>]\n           [--exec-path[=<path>]] [--html-path] [--man-path] [--info-path]\n           [-p | --paginate | -P | --no-pager] [--no-replace-objects] [--no-lazy-fetch]\n           [--no-optional-locks] [--no-advice] [--bare] [--git-dir=<path>]\n           [--work-tree=<path>] [--namespace=<name>] [--config-env=<name>=<envvar>]\n           <command> [<args>]\n\nThese are common Git commands used in various situations:\n\nstart a working area (see also: git help tutorial)\n   clone      Clone a repository into a new directory\n   init       Create an empty Git repository or reinitialize an existing one\n\nwork on the current change (see also: git help everyday)\n   add        Add file contents to the index\n   mv         Move or rename a file, a directory, or a symlink\n   restore    Restore working tree files\n   rm         Remove files from the working tree and from the index\n\nexamine the history and state (see also: git help revisions)\n   bisect     Use binary search to find the commit that introduced a bug\n   diff       Show changes between commits, commit and working tree, etc\n   grep       Print lines matching a pattern\n   log        Show commit logs\n   show       Show various types of objects\n   status     Show the working tree status\n\ngrow, mark and tweak your common history\n   backfill   Download missing objects in a partial clone\n   branch     List, create, or delete branches\n   commit     Record changes to the repository\n   merge      Join two or more development histories together\n   rebase     Reapply commits on top of another base tip\n   reset      Reset current HEAD to the specified state\n   switch     Switch branches\n   tag        Create, list, delete or verify a tag object signed with GPG\n\ncollaborate (see also: git help workflows)\n   fetch      Download objects and refs from another repository\n   pull       Fetch from and integrate with another repository or a local branch\n   push       Update remote refs along with associated objects\n\n'git help -a' and 'git help -g' list available subcommands and some\nconcept guides. See 'git help <command>' or 'git help <concept>'\nto read about a specific subcommand or concept.\nSee 'git help git' for an overview of the system.\n""
[0m03:16:11.985790 [debug] [MainThread]: STDERR: "b''"
[0m03:16:11.985975 [info ] [MainThread]:  - git [[32mOK found[0m]

[0m03:16:11.986284 [info ] [MainThread]: Connection:
[0m03:16:11.986542 [info ] [MainThread]:   host: localhost
[0m03:16:11.986799 [info ] [MainThread]:   port: 5432
[0m03:16:11.987016 [info ] [MainThread]:   user: postgres
[0m03:16:11.987311 [info ] [MainThread]:   database: F1
[0m03:16:11.987680 [info ] [MainThread]:   schema: RAW
[0m03:16:11.987993 [info ] [MainThread]:   connect_timeout: 10
[0m03:16:11.988312 [info ] [MainThread]:   role: None
[0m03:16:11.988645 [info ] [MainThread]:   search_path: None
[0m03:16:11.988978 [info ] [MainThread]:   keepalives_idle: 0
[0m03:16:11.989197 [info ] [MainThread]:   sslmode: None
[0m03:16:11.989477 [info ] [MainThread]:   sslcert: None
[0m03:16:11.989734 [info ] [MainThread]:   sslkey: None
[0m03:16:11.989968 [info ] [MainThread]:   sslrootcert: None
[0m03:16:11.990198 [info ] [MainThread]:   application_name: dbt
[0m03:16:11.990405 [info ] [MainThread]:   retries: 1
[0m03:16:11.991027 [info ] [MainThread]: Registered adapter: postgres=1.9.1
[0m03:16:12.188601 [debug] [MainThread]: Acquiring new postgres connection 'debug'
[0m03:16:13.754646 [debug] [MainThread]: Using postgres connection "debug"
[0m03:16:13.754933 [debug] [MainThread]: On debug: select 1 as id
[0m03:16:13.755097 [debug] [MainThread]: Opening a new connection, currently in state init
[0m03:16:13.784382 [debug] [MainThread]: SQL status: SELECT 1 in 0.029 seconds
[0m03:16:13.785150 [debug] [MainThread]: On debug: Close
[0m03:16:13.785369 [info ] [MainThread]:   Connection test: [[32mOK connection ok[0m]

[0m03:16:13.785825 [info ] [MainThread]: [31m1 check failed:[0m
[0m03:16:13.786337 [info ] [MainThread]: Project loading failed for the following reason:
 project path <D:\codes\Data Engineer\Data Visualizations\F1\dbt_project.yml> not found

[0m03:16:13.787629 [debug] [MainThread]: Command `dbt debug` failed at 03:16:13.787479 after 2.00 seconds
[0m03:16:13.787978 [debug] [MainThread]: Connection 'debug' was properly closed.
[0m03:16:13.788277 [debug] [MainThread]: Sending event: {'category': 'dbt', 'action': 'invocation', 'label': 'end', 'context': [<snowplow_tracker.self_describing_json.SelfDescribingJson object at 0x00000284D57F7230>, <snowplow_tracker.self_describing_json.SelfDescribingJson object at 0x00000284D58D67B0>, <snowplow_tracker.self_describing_json.SelfDescribingJson object at 0x00000284D576B020>]}
[0m03:16:13.788524 [debug] [MainThread]: Flushing usage events
[0m03:16:14.097460 [debug] [MainThread]: An error was encountered while trying to flush usage events
